2018-07-26 22:56:49,838 [AWT-EventQueue-0]  INFO com.g2t.footline.gui.FrmPrincipal:75 - INCIALIZANDO O FRM PRIBCIPAL
2018-07-26 23:00:41,293 [AWT-EventQueue-0]  INFO com.g2t.footline.gui.FrmPrincipal:74 - INCIALIZANDO O FRM PRIBCIPAL
2018-07-26 23:08:50,014 [AWT-EventQueue-0]  INFO com.g2t.footline.gui.FrmPrincipal:74 - INCIALIZANDO O FRM PRIBCIPAL
2018-07-26 23:09:26,527 [AWT-EventQueue-0]  INFO com.g2t.footline.gui.FrmPrincipal:74 - INCIALIZANDO O FRM PRIBCIPAL
2018-07-26 23:10:52,501 [AWT-EventQueue-0]  INFO com.g2t.footline.gui.FrmPrincipal:74 - INCIALIZANDO O FRM PRIBCIPAL
2018-07-26 23:16:24,157 [AWT-EventQueue-0]  INFO com.g2t.footline.gui.FrmPrincipal:74 - INCIALIZANDO O FRM PRIBCIPAL
2018-07-26 23:17:49,012 [AWT-EventQueue-0]  INFO com.g2t.footline.gui.FrmPrincipal:74 - INCIALIZANDO O FRM PRIBCIPAL
2018-07-27 12:01:48,591 [AWT-EventQueue-0]  INFO com.g2t.footline.gui.FrmPrincipal:74 - INCIALIZANDO O FRM PRIBCIPAL
2018-07-28 09:31:52,712 [AWT-EventQueue-0]  INFO com.g2t.footline.gui.FrmPrincipal:74 - INCIALIZANDO O FRM PRIBCIPAL
2018-07-28 09:43:37,167 [AWT-EventQueue-0]  INFO com.g2t.footline.gui.FrmPrincipal:74 - INCIALIZANDO O FRM PRIBCIPAL
2018-07-28 09:44:15,073 [AWT-EventQueue-0]  INFO com.g2t.footline.gui.FrmPrincipal:74 - INCIALIZANDO O FRM PRIBCIPAL
2018-07-28 09:45:11,500 [AWT-EventQueue-0]  INFO com.g2t.footline.gui.FrmPrincipal:74 - INCIALIZANDO O FRM PRIBCIPAL
2018-07-28 09:49:03,133 [AWT-EventQueue-0]  INFO com.g2t.footline.gui.FrmPrincipal:74 - INCIALIZANDO O FRM PRIBCIPAL
2018-07-28 09:53:10,947 [AWT-EventQueue-0]  INFO com.g2t.footline.gui.FrmPrincipal:74 - INCIALIZANDO O FRM PRIBCIPAL
2018-07-28 10:00:25,862 [AWT-EventQueue-0]  INFO com.g2t.footline.gui.FrmPrincipal:74 - INCIALIZANDO O FRM PRIBCIPAL
2018-07-28 10:01:42,823 [AWT-EventQueue-0]  INFO com.g2t.footline.gui.FrmPrincipal:74 - INCIALIZANDO O FRM PRIBCIPAL
2018-07-28 10:12:22,319 [AWT-EventQueue-0]  INFO com.g2t.footline.gui.FrmPrincipal:74 - INCIALIZANDO O FRM PRIBCIPAL
2018-07-28 10:12:23,755 [AWT-EventQueue-0] ERROR com.g2t.footline.gui.FrmPrincipal:156 - Error 
java.lang.NullPointerException
	at javax.swing.ImageIcon.<init>(ImageIcon.java:217)
	at com.g2t.footline.gui.telasSecundarias.FrmEstadio.<init>(FrmEstadio.java:85)
	at com.g2t.footline.gui.FrmPrincipal$2.actionPerformed(FrmPrincipal.java:152)
	at javax.swing.AbstractButton.fireActionPerformed(AbstractButton.java:2022)
	at javax.swing.AbstractButton$Handler.actionPerformed(AbstractButton.java:2348)
	at javax.swing.DefaultButtonModel.fireActionPerformed(DefaultButtonModel.java:402)
	at javax.swing.DefaultButtonModel.setPressed(DefaultButtonModel.java:259)
	at javax.swing.plaf.basic.BasicButtonListener.mouseReleased(BasicButtonListener.java:252)
	at java.awt.Component.processMouseEvent(Component.java:6533)
	at javax.swing.JComponent.processMouseEvent(JComponent.java:3324)
	at java.awt.Component.processEvent(Component.java:6298)
	at java.awt.Container.processEvent(Container.java:2236)
	at java.awt.Component.dispatchEventImpl(Component.java:4889)
	at java.awt.Container.dispatchEventImpl(Container.java:2294)
	at java.awt.Component.dispatchEvent(Component.java:4711)
	at java.awt.LightweightDispatcher.retargetMouseEvent(Container.java:4888)
	at java.awt.LightweightDispatcher.processMouseEvent(Container.java:4525)
	at java.awt.LightweightDispatcher.dispatchEvent(Container.java:4466)
	at java.awt.Container.dispatchEventImpl(Container.java:2280)
	at java.awt.Window.dispatchEventImpl(Window.java:2746)
	at java.awt.Component.dispatchEvent(Component.java:4711)
	at java.awt.EventQueue.dispatchEventImpl(EventQueue.java:758)
	at java.awt.EventQueue.access$500(EventQueue.java:97)
	at java.awt.EventQueue$3.run(EventQueue.java:709)
	at java.awt.EventQueue$3.run(EventQueue.java:703)
	at java.security.AccessController.doPrivileged(Native Method)
	at java.security.ProtectionDomain$JavaSecurityAccessImpl.doIntersectionPrivilege(ProtectionDomain.java:80)
	at java.security.ProtectionDomain$JavaSecurityAccessImpl.doIntersectionPrivilege(ProtectionDomain.java:90)
	at java.awt.EventQueue$4.run(EventQueue.java:731)
	at java.awt.EventQueue$4.run(EventQueue.java:729)
	at java.security.AccessController.doPrivileged(Native Method)
	at java.security.ProtectionDomain$JavaSecurityAccessImpl.doIntersectionPrivilege(ProtectionDomain.java:80)
	at java.awt.EventQueue.dispatchEvent(EventQueue.java:728)
	at java.awt.EventDispatchThread.pumpOneEventForFilters(EventDispatchThread.java:201)
	at java.awt.EventDispatchThread.pumpEventsForFilter(EventDispatchThread.java:116)
	at java.awt.EventDispatchThread.pumpEventsForHierarchy(EventDispatchThread.java:105)
	at java.awt.EventDispatchThread.pumpEvents(EventDispatchThread.java:101)
	at java.awt.EventDispatchThread.pumpEvents(EventDispatchThread.java:93)
	at java.awt.EventDispatchThread.run(EventDispatchThread.java:82)
2018-07-28 10:12:56,055 [AWT-EventQueue-0] ERROR com.g2t.footline.gui.FrmPrincipal:156 - Error 
java.lang.NullPointerException
	at javax.swing.ImageIcon.<init>(ImageIcon.java:217)
	at com.g2t.footline.gui.telasSecundarias.FrmEstadio.<init>(FrmEstadio.java:85)
	at com.g2t.footline.gui.FrmPrincipal$2.actionPerformed(FrmPrincipal.java:152)
	at javax.swing.AbstractButton.fireActionPerformed(AbstractButton.java:2022)
	at javax.swing.AbstractButton$Handler.actionPerformed(AbstractButton.java:2348)
	at javax.swing.DefaultButtonModel.fireActionPerformed(DefaultButtonModel.java:402)
	at javax.swing.DefaultButtonModel.setPressed(DefaultButtonModel.java:259)
	at javax.swing.plaf.basic.BasicButtonListener.mouseReleased(BasicButtonListener.java:252)
	at java.awt.Component.processMouseEvent(Component.java:6533)
	at javax.swing.JComponent.processMouseEvent(JComponent.java:3324)
	at java.awt.Component.processEvent(Component.java:6298)
	at java.awt.Container.processEvent(Container.java:2236)
	at java.awt.Component.dispatchEventImpl(Component.java:4889)
	at java.awt.Container.dispatchEventImpl(Container.java:2294)
	at java.awt.Component.dispatchEvent(Component.java:4711)
	at java.awt.LightweightDispatcher.retargetMouseEvent(Container.java:4888)
	at java.awt.LightweightDispatcher.processMouseEvent(Container.java:4525)
	at java.awt.LightweightDispatcher.dispatchEvent(Container.java:4466)
	at java.awt.Container.dispatchEventImpl(Container.java:2280)
	at java.awt.Window.dispatchEventImpl(Window.java:2746)
	at java.awt.Component.dispatchEvent(Component.java:4711)
	at java.awt.EventQueue.dispatchEventImpl(EventQueue.java:758)
	at java.awt.EventQueue.access$500(EventQueue.java:97)
	at java.awt.EventQueue$3.run(EventQueue.java:709)
	at java.awt.EventQueue$3.run(EventQueue.java:703)
	at java.security.AccessController.doPrivileged(Native Method)
	at java.security.ProtectionDomain$JavaSecurityAccessImpl.doIntersectionPrivilege(ProtectionDomain.java:80)
	at java.security.ProtectionDomain$JavaSecurityAccessImpl.doIntersectionPrivilege(ProtectionDomain.java:90)
	at java.awt.EventQueue$4.run(EventQueue.java:731)
	at java.awt.EventQueue$4.run(EventQueue.java:729)
	at java.security.AccessController.doPrivileged(Native Method)
	at java.security.ProtectionDomain$JavaSecurityAccessImpl.doIntersectionPrivilege(ProtectionDomain.java:80)
	at java.awt.EventQueue.dispatchEvent(EventQueue.java:728)
	at java.awt.EventDispatchThread.pumpOneEventForFilters(EventDispatchThread.java:201)
	at java.awt.EventDispatchThread.pumpEventsForFilter(EventDispatchThread.java:116)
	at java.awt.EventDispatchThread.pumpEventsForHierarchy(EventDispatchThread.java:105)
	at java.awt.EventDispatchThread.pumpEvents(EventDispatchThread.java:101)
	at java.awt.EventDispatchThread.pumpEvents(EventDispatchThread.java:93)
	at java.awt.EventDispatchThread.run(EventDispatchThread.java:82)
2018-07-28 10:13:06,082 [AWT-EventQueue-0]  INFO com.g2t.footline.gui.FrmPrincipal:74 - INCIALIZANDO O FRM PRIBCIPAL
2018-07-28 10:23:19,676 [AWT-EventQueue-0]  INFO com.g2t.footline.gui.FrmPrincipal:74 - INCIALIZANDO O FRM PRIBCIPAL
2018-07-28 10:23:21,222 [AWT-EventQueue-0] ERROR com.g2t.footline.gui.FrmPrincipal:156 - Error 
java.lang.NullPointerException
	at javax.swing.ImageIcon.<init>(ImageIcon.java:217)
	at com.g2t.footline.gui.telasSecundarias.FrmEstadio.<init>(FrmEstadio.java:99)
	at com.g2t.footline.gui.FrmPrincipal$2.actionPerformed(FrmPrincipal.java:152)
	at javax.swing.AbstractButton.fireActionPerformed(AbstractButton.java:2022)
	at javax.swing.AbstractButton$Handler.actionPerformed(AbstractButton.java:2348)
	at javax.swing.DefaultButtonModel.fireActionPerformed(DefaultButtonModel.java:402)
	at javax.swing.DefaultButtonModel.setPressed(DefaultButtonModel.java:259)
	at javax.swing.plaf.basic.BasicButtonListener.mouseReleased(BasicButtonListener.java:252)
	at java.awt.Component.processMouseEvent(Component.java:6533)
	at javax.swing.JComponent.processMouseEvent(JComponent.java:3324)
	at java.awt.Component.processEvent(Component.java:6298)
	at java.awt.Container.processEvent(Container.java:2236)
	at java.awt.Component.dispatchEventImpl(Component.java:4889)
	at java.awt.Container.dispatchEventImpl(Container.java:2294)
	at java.awt.Component.dispatchEvent(Component.java:4711)
	at java.awt.LightweightDispatcher.retargetMouseEvent(Container.java:4888)
	at java.awt.LightweightDispatcher.processMouseEvent(Container.java:4525)
	at java.awt.LightweightDispatcher.dispatchEvent(Container.java:4466)
	at java.awt.Container.dispatchEventImpl(Container.java:2280)
	at java.awt.Window.dispatchEventImpl(Window.java:2746)
	at java.awt.Component.dispatchEvent(Component.java:4711)
	at java.awt.EventQueue.dispatchEventImpl(EventQueue.java:758)
	at java.awt.EventQueue.access$500(EventQueue.java:97)
	at java.awt.EventQueue$3.run(EventQueue.java:709)
	at java.awt.EventQueue$3.run(EventQueue.java:703)
	at java.security.AccessController.doPrivileged(Native Method)
	at java.security.ProtectionDomain$JavaSecurityAccessImpl.doIntersectionPrivilege(ProtectionDomain.java:80)
	at java.security.ProtectionDomain$JavaSecurityAccessImpl.doIntersectionPrivilege(ProtectionDomain.java:90)
	at java.awt.EventQueue$4.run(EventQueue.java:731)
	at java.awt.EventQueue$4.run(EventQueue.java:729)
	at java.security.AccessController.doPrivileged(Native Method)
	at java.security.ProtectionDomain$JavaSecurityAccessImpl.doIntersectionPrivilege(ProtectionDomain.java:80)
	at java.awt.EventQueue.dispatchEvent(EventQueue.java:728)
	at java.awt.EventDispatchThread.pumpOneEventForFilters(EventDispatchThread.java:201)
	at java.awt.EventDispatchThread.pumpEventsForFilter(EventDispatchThread.java:116)
	at java.awt.EventDispatchThread.pumpEventsForHierarchy(EventDispatchThread.java:105)
	at java.awt.EventDispatchThread.pumpEvents(EventDispatchThread.java:101)
	at java.awt.EventDispatchThread.pumpEvents(EventDispatchThread.java:93)
	at java.awt.EventDispatchThread.run(EventDispatchThread.java:82)
2018-07-28 10:23:50,588 [AWT-EventQueue-0]  INFO com.g2t.footline.gui.FrmPrincipal:74 - INCIALIZANDO O FRM PRIBCIPAL
2018-07-28 10:25:17,301 [AWT-EventQueue-0]  INFO com.g2t.footline.gui.FrmPrincipal:74 - INCIALIZANDO O FRM PRIBCIPAL
2018-07-28 10:26:28,564 [AWT-EventQueue-0]  INFO com.g2t.footline.gui.FrmPrincipal:74 - INCIALIZANDO O FRM PRIBCIPAL
2018-07-28 10:30:25,898 [AWT-EventQueue-0]  INFO com.g2t.footline.gui.FrmPrincipal:74 - INCIALIZANDO O FRM PRIBCIPAL
2018-07-28 10:32:05,046 [AWT-EventQueue-0]  INFO com.g2t.footline.gui.FrmPrincipal:74 - INCIALIZANDO O FRM PRIBCIPAL
2018-07-28 11:37:50,896 [AWT-EventQueue-0]  INFO com.g2t.footline.gui.FrmPrincipal:74 - INCIALIZANDO O FRM PRIBCIPAL
2018-07-28 11:38:54,023 [AWT-EventQueue-0]  INFO com.g2t.footline.gui.FrmPrincipal:75 - INCIALIZANDO O FRM PRIBCIPAL
2018-07-28 11:40:55,656 [AWT-EventQueue-0]  INFO com.g2t.footline.gui.FrmPrincipal:75 - INCIALIZANDO O FRM PRIBCIPAL
2018-07-28 11:42:16,917 [AWT-EventQueue-0]  INFO com.g2t.footline.gui.FrmPrincipal:75 - INCIALIZANDO O FRM PRIBCIPAL
2018-07-28 11:43:38,515 [AWT-EventQueue-0]  INFO com.g2t.footline.gui.FrmPrincipal:75 - INCIALIZANDO O FRM PRIBCIPAL
2018-07-28 12:41:39,722 [AWT-EventQueue-0]  INFO com.g2t.footline.gui.FrmPrincipal:75 - INCIALIZANDO O FRM PRIBCIPAL
2018-07-28 12:44:10,140 [AWT-EventQueue-0]  INFO com.g2t.footline.gui.FrmPrincipal:75 - INCIALIZANDO O FRM PRIBCIPAL
2018-07-28 12:49:51,204 [AWT-EventQueue-0]  INFO com.g2t.footline.gui.FrmPrincipal:75 - INCIALIZANDO O FRM PRIBCIPAL
2018-07-28 13:05:21,007 [AWT-EventQueue-0]  INFO com.g2t.footline.gui.FrmPrincipal:75 - INCIALIZANDO O FRM PRIBCIPAL
2018-07-28 13:06:47,030 [AWT-EventQueue-0]  INFO com.g2t.footline.gui.FrmPrincipal:76 - INCIALIZANDO O FRM PRIBCIPAL
2018-07-28 13:07:52,155 [AWT-EventQueue-0]  INFO com.g2t.footline.gui.FrmPrincipal:76 - INCIALIZANDO O FRM PRIBCIPAL
2018-07-28 13:23:51,707 [AWT-EventQueue-0]  INFO com.g2t.footline.gui.FrmPrincipal:76 - INCIALIZANDO O FRM PRIBCIPAL
2018-07-28 13:52:21,045 [AWT-EventQueue-0]  INFO com.g2t.footline.gui.FrmPrincipal:76 - INCIALIZANDO O FRM PRIBCIPAL
2018-07-28 13:54:06,497 [AWT-EventQueue-0]  INFO com.g2t.footline.gui.FrmPrincipal:76 - INCIALIZANDO O FRM PRIBCIPAL
2018-07-28 13:55:27,281 [AWT-EventQueue-0]  INFO com.g2t.footline.gui.FrmPrincipal:76 - INCIALIZANDO O FRM PRIBCIPAL
2018-07-28 13:56:49,372 [AWT-EventQueue-0]  INFO com.g2t.footline.gui.FrmPrincipal:76 - INCIALIZANDO O FRM PRIBCIPAL
2018-07-28 13:58:52,948 [AWT-EventQueue-0]  INFO com.g2t.footline.gui.FrmPrincipal:76 - INCIALIZANDO O FRM PRIBCIPAL
2018-07-28 14:02:38,593 [AWT-EventQueue-0]  INFO com.g2t.footline.gui.FrmPrincipal:76 - INCIALIZANDO O FRM PRIBCIPAL
2018-07-28 14:08:41,620 [AWT-EventQueue-0]  INFO com.g2t.footline.gui.FrmPrincipal:76 - INCIALIZANDO O FRM PRIBCIPAL
2018-07-28 14:10:46,825 [AWT-EventQueue-0]  INFO com.g2t.footline.gui.FrmPrincipal:76 - INCIALIZANDO O FRM PRIBCIPAL
2018-07-28 14:14:02,356 [AWT-EventQueue-0]  INFO com.g2t.footline.gui.FrmPrincipal:76 - INCIALIZANDO O FRM PRIBCIPAL
2018-07-28 14:14:40,858 [AWT-EventQueue-0]  INFO com.g2t.footline.gui.FrmPrincipal:76 - INCIALIZANDO O FRM PRIBCIPAL
2018-07-28 14:38:51,862 [AWT-EventQueue-0]  INFO com.g2t.footline.gui.FrmPrincipal:76 - INCIALIZANDO O FRM PRIBCIPAL
2018-07-28 15:28:34,126 [AWT-EventQueue-0]  INFO com.g2t.footline.gui.FrmPrincipal:76 - INCIALIZANDO O FRM PRIBCIPAL
2018-07-28 15:38:09,033 [AWT-EventQueue-0]  INFO com.g2t.footline.gui.FrmPrincipal:76 - INCIALIZANDO O FRM PRIBCIPAL
